Log file open, 07/11/18 16:33:39
LogWindows: Failed to load 'aqProf.dll' (GetLastError=126)
LogWindows: File 'aqProf.dll' does not exist
LogWindows: Failed to load 'VtuneApi.dll' (GetLastError=126)
LogWindows: File 'VtuneApi.dll' does not exist
LogWindows: Failed to load 'VtuneApi32e.dll' (GetLastError=126)
LogWindows: File 'VtuneApi32e.dll' does not exist
LogInit: Display: Running engine for game: BuildingEscape
LogPlatformFile: Not using cached read wrapper
LogInit: Display: RandInit(437416700) SRandInit(437416700).
LogInit: Read version file with build ID '3944462'
LogInit: Overriding engine version to CL 4033788, compatible CL 3944462
LogInit: Registered custom module enumerator with build ID '3944462'
LogTaskGraph: Started task graph with 5 named threads and 35 total threads with 3 sets of task threads.
LogStats: Stats thread started at 0.388795
LogD3D11RHI: Aftermath initialized
LogICUInternationalization: Display: ICU TimeZone Detection - Raw Offset: -5:00, Platform Override: ''
LogPluginManager: Mounting plugin Paper2D
LogPluginManager: Mounting plugin LiveLink
LogPluginManager: Mounting plugin LightPropagationVolume
LogPluginManager: Mounting plugin CLionSourceCodeAccess
LogPluginManager: Mounting plugin CodeLiteSourceCodeAccess
LogPluginManager: Mounting plugin GitSourceControl
LogPluginManager: Mounting plugin KDevelopSourceCodeAccess
LogPluginManager: Mounting plugin NullSourceCodeAccess
LogPluginManager: Mounting plugin PerforceSourceControl
LogPluginManager: Mounting plugin SubversionSourceControl
LogPluginManager: Mounting plugin UObjectPlugin
LogPluginManager: Mounting plugin VisualStudioCodeSourceCodeAccess
LogPluginManager: Mounting plugin VisualStudioSourceCodeAccess
LogPluginManager: Mounting plugin XCodeSourceCodeAccess
LogPluginManager: Mounting plugin AssetManagerEditor
LogPluginManager: Mounting plugin CryptoKeys
LogPluginManager: Mounting plugin DataValidation
LogPluginManager: Mounting plugin FacialAnimation
LogPluginManager: Mounting plugin GameplayTagsEditor
LogPluginManager: Mounting plugin MobileLauncherProfileWizard
LogPluginManager: Mounting plugin PluginBrowser
LogPluginManager: Mounting plugin SpeedTreeImporter
LogPluginManager: Mounting plugin DatasmithContent
LogPluginManager: Mounting plugin AlembicImporter
LogPluginManager: Mounting plugin CharacterAI
LogPluginManager: Mounting plugin HTML5Networking
LogPluginManager: Mounting plugin AndroidMedia
LogPluginManager: Mounting plugin AvfMedia
LogPluginManager: Mounting plugin ImgMedia
LogPluginManager: Mounting plugin LinearTimecode
LogPluginManager: Mounting plugin MediaCompositing
LogPluginManager: Mounting plugin MediaPlayerEditor
LogPluginManager: Mounting plugin WmfMedia
LogPluginManager: Mounting plugin TcpMessaging
LogPluginManager: Mounting plugin UdpMessaging
LogPluginManager: Mounting plugin ActorSequence
LogPluginManager: Mounting plugin LevelSequenceEditor
LogPluginManager: Mounting plugin MatineeToLevelSequence
LogPluginManager: Mounting plugin NetcodeUnitTest
LogPluginManager: Mounting plugin NUTUnrealEngine4
LogPluginManager: Mounting plugin OnlineSubsystemGooglePlay
LogPluginManager: Mounting plugin OnlineSubsystemIOS
LogPluginManager: Mounting plugin OnlineSubsystem
LogPluginManager: Mounting plugin OnlineSubsystemNull
LogPluginManager: Mounting plugin OnlineSubsystemUtils
LogPluginManager: Mounting plugin AndroidDeviceProfileSelector
LogPluginManager: Mounting plugin AndroidMoviePlayer
LogPluginManager: Mounting plugin AndroidPermission
LogPluginManager: Mounting plugin AppleARKit
LogPluginManager: Mounting plugin AppleMoviePlayer
LogPluginManager: Mounting plugin ArchVisCharacter
LogPluginManager: Mounting plugin AudioCapture
LogPluginManager: Mounting plugin CableComponent
LogPluginManager: Mounting plugin CustomMeshComponent
LogPluginManager: Mounting plugin ExampleDeviceProfileSelector
LogPluginManager: Mounting plugin GoogleCloudMessaging
LogPluginManager: Mounting plugin ImmediatePhysics
LogPluginManager: Mounting plugin IOSDeviceProfileSelector
LogPluginManager: Mounting plugin LinuxDeviceProfileSelector
LogPluginManager: Mounting plugin LocationServicesBPLibrary
LogPluginManager: Mounting plugin MobilePatchingUtils
LogPluginManager: Mounting plugin OculusVR
LogPluginManager: Plugin shader directory ../../../Engine/Plugins/Runtime/Oculus/OculusVR/Shaders found
LogPluginManager: Mapping shader source directory ../../../Engine/Plugins/Runtime/Oculus/OculusVR/Shaders to virtual directory /Plugin/OculusVR
LogPluginManager: Mounting plugin PhysXVehicles
LogPluginManager: Mounting plugin ProceduralMeshComponent
LogPluginManager: Mounting plugin RuntimePhysXCooking
LogPluginManager: Mounting plugin SteamVR
LogPluginManager: Mounting plugin WindowsMoviePlayer
LogStreaming: Display: Took  0.083s to configure plugins.
LogModuleManager: Display: Found up-to-date module file D:/repos/03_BuildingEscape/03_BuildingEscape/03_BuildingEscape/BuildingEscape/Binaries/Win64/UE4Editor-BuildingEscape-1084.dll (API version 3944462).
LogModuleManager: Display: Found up-to-date module file ../../../Engine/Plugins/2D/Paper2D/Binaries/Win64/UE4Editor-Paper2D.dll (API version 3944462).
LogModuleManager: Display: Found up-to-date module file ../../../Engine/Plugins/2D/Paper2D/Binaries/Win64/UE4Editor-Paper2DEditor.dll (API version 3944462).
LogModuleManager: Display: Found up-to-date module file ../../../Engine/Plugins/2D/Paper2D/Binaries/Win64/UE4Editor-PaperSpriteSheetImporter.dll (API version 3944462).
LogModuleManager: Display: Found up-to-date module file ../../../Engine/Plugins/2D/Paper2D/Binaries/Win64/UE4Editor-PaperTiledImporter.dll (API version 3944462).
LogModuleManager: Display: Found up-to-date module file ../../../Engine/Plugins/2D/Paper2D/Binaries/Win64/UE4Editor-SmartSnapping.dll (API version 3944462).
LogModuleManager: Display: Found up-to-date module file ../../../Engine/Plugins/Animation/LiveLink/Binaries/Win64/UE4Editor-LiveLink.dll (API version 3944462).
LogModuleManager: Display: Found up-to-date module file ../../../Engine/Plugins/Animation/LiveLink/Binaries/Win64/UE4Editor-LiveLinkEditor.dll (API version 3944462).
LogModuleManager: Display: Found up-to-date module file ../../../Engine/Plugins/Blendables/LightPropagationVolume/Binaries/Win64/UE4Editor-LightPropagationVolumeRuntime.dll (API version 3944462).
LogModuleManager: Display: Found up-to-date module file ../../../Engine/Plugins/Blendables/LightPropagationVolume/Binaries/Win64/UE4Editor-LightPropagationVolumeEditor.dll (API version 3944462).
LogModuleManager: Display: Found up-to-date module file ../../../Engine/Plugins/Developer/CLionSourceCodeAccess/Binaries/Win64/UE4Editor-CLionSourceCodeAccess.dll (API version 3944462).
LogModuleManager: Display: Found up-to-date module file ../../../Engine/Plugins/Developer/GitSourceControl/Binaries/Win64/UE4Editor-GitSourceControl.dll (API version 3944462).
LogModuleManager: Display: Found up-to-date module file ../../../Engine/Plugins/Developer/PerforceSourceControl/Binaries/Win64/UE4Editor-PerforceSourceControl.dll (API version 3944462).
LogModuleManager: Display: Found up-to-date module file ../../../Engine/Plugins/Developer/SubversionSourceControl/Binaries/Win64/UE4Editor-SubversionSourceControl.dll (API version 3944462).
LogModuleManager: Display: Found up-to-date module file ../../../Engine/Plugins/Developer/UObjectPlugin/Binaries/Win64/UE4Editor-UObjectPlugin.dll (API version 3944462).
LogModuleManager: Display: Found up-to-date module file ../../../Engine/Plugins/Developer/VisualStudioCodeSourceCodeAccess/Binaries/Win64/UE4Editor-VisualStudioCodeSourceCodeAccess.dll (API version 3944462).
LogModuleManager: Display: Found up-to-date module file ../../../Engine/Plugins/Developer/VisualStudioSourceCodeAccess/Binaries/Win64/UE4Editor-VisualStudioSourceCodeAccess.dll (API version 3944462).
LogModuleManager: Display: Found up-to-date module file ../../../Engine/Plugins/Editor/AssetManagerEditor/Binaries/Win64/UE4Editor-AssetManagerEditor.dll (API version 3944462).
LogModuleManager: Display: Found up-to-date module file ../../../Engine/Plugins/Editor/CryptoKeys/Binaries/Win64/UE4Editor-CryptoKeys.dll (API version 3944462).
LogModuleManager: Display: Found up-to-date module file ../../../Engine/Plugins/Editor/CryptoKeys/Binaries/Win64/UE4Editor-CryptoKeysOpenSSL.dll (API version 3944462).
LogModuleManager: Display: Found up-to-date module file ../../../Engine/Plugins/Editor/DataValidation/Binaries/Win64/UE4Editor-DataValidation.dll (API version 3944462).
LogModuleManager: Display: Found up-to-date module file ../../../Engine/Plugins/Editor/FacialAnimation/Binaries/Win64/UE4Editor-FacialAnimation.dll (API version 3944462).
LogModuleManager: Display: Found up-to-date module file ../../../Engine/Plugins/Editor/FacialAnimation/Binaries/Win64/UE4Editor-FacialAnimationEditor.dll (API version 3944462).
LogModuleManager: Display: Found up-to-date module file ../../../Engine/Plugins/Editor/GameplayTagsEditor/Binaries/Win64/UE4Editor-GameplayTagsEditor.dll (API version 3944462).
LogModuleManager: Display: Found up-to-date module file ../../../Engine/Plugins/Editor/MobileLauncherProfileWizard/Binaries/Win64/UE4Editor-MobileLauncherProfileWizard.dll (API version 3944462).
LogModuleManager: Display: Found up-to-date module file ../../../Engine/Plugins/Editor/PluginBrowser/Binaries/Win64/UE4Editor-PluginBrowser.dll (API version 3944462).
LogModuleManager: Display: Found up-to-date module file ../../../Engine/Plugins/Editor/SpeedTreeImporter/Binaries/Win64/UE4Editor-SpeedTreeImporter.dll (API version 3944462).
LogModuleManager: Display: Found up-to-date module file ../../../Engine/Plugins/Enterprise/DatasmithContent/Binaries/Win64/UE4Editor-DatasmithContent.dll (API version 3944462).
LogModuleManager: Display: Found up-to-date module file ../../../Engine/Plugins/Experimental/AlembicImporter/Binaries/Win64/UE4Editor-AlembicImporter.dll (API version 3944462).
LogModuleManager: Display: Found up-to-date module file ../../../Engine/Plugins/Experimental/AlembicImporter/Binaries/Win64/UE4Editor-AlembicLibrary.dll (API version 3944462).
LogModuleManager: Display: Found up-to-date module file ../../../Engine/Plugins/Experimental/CharacterAI/Binaries/Win64/UE4Editor-CharacterAI.dll (API version 3944462).
LogModuleManager: Display: Found up-to-date module file ../../../Engine/Plugins/Experimental/HTML5Networking/Binaries/Win64/UE4Editor-HTML5Networking.dll (API version 3944462).
LogModuleManager: Display: Found up-to-date module file ../../../Engine/Plugins/Media/AndroidMedia/Binaries/Win64/UE4Editor-AndroidMediaEditor.dll (API version 3944462).
LogModuleManager: Display: Found up-to-date module file ../../../Engine/Plugins/Media/AndroidMedia/Binaries/Win64/UE4Editor-AndroidMediaFactory.dll (API version 3944462).
LogModuleManager: Display: Found up-to-date module file ../../../Engine/Plugins/Media/AvfMedia/Binaries/Win64/UE4Editor-AvfMediaEditor.dll (API version 3944462).
LogModuleManager: Display: Found up-to-date module file ../../../Engine/Plugins/Media/AvfMedia/Binaries/Win64/UE4Editor-AvfMediaFactory.dll (API version 3944462).
LogModuleManager: Display: Found up-to-date module file ../../../Engine/Plugins/Media/AvfMedia/Binaries/Win64/UE4Editor-AvfMediaFactory.dll (API version 3944462).
LogModuleManager: Display: Found up-to-date module file ../../../Engine/Plugins/Media/ImgMedia/Binaries/Win64/UE4Editor-ImgMedia.dll (API version 3944462).
LogModuleManager: Display: Found up-to-date module file ../../../Engine/Plugins/Media/ImgMedia/Binaries/Win64/UE4Editor-ImgMediaEditor.dll (API version 3944462).
LogModuleManager: Display: Found up-to-date module file ../../../Engine/Plugins/Media/ImgMedia/Binaries/Win64/UE4Editor-ImgMediaFactory.dll (API version 3944462).
LogModuleManager: Display: Found up-to-date module file ../../../Engine/Plugins/Media/ImgMedia/Binaries/Win64/UE4Editor-ImgMediaFactory.dll (API version 3944462).
LogModuleManager: Display: Found up-to-date module file ../../../Engine/Plugins/Media/ImgMedia/Binaries/Win64/UE4Editor-OpenExrWrapper.dll (API version 3944462).
LogModuleManager: Display: Found up-to-date module file ../../../Engine/Plugins/Media/LinearTimecode/Binaries/Win64/UE4Editor-LinearTimecode.dll (API version 3944462).
LogModuleManager: Display: Found up-to-date module file ../../../Engine/Plugins/Media/MediaCompositing/Binaries/Win64/UE4Editor-MediaCompositing.dll (API version 3944462).
LogModuleManager: Display: Found up-to-date module file ../../../Engine/Plugins/Media/MediaCompositing/Binaries/Win64/UE4Editor-MediaCompositingEditor.dll (API version 3944462).
LogModuleManager: Display: Found up-to-date module file ../../../Engine/Plugins/Media/MediaPlayerEditor/Binaries/Win64/UE4Editor-MediaPlayerEditor.dll (API version 3944462).
LogModuleManager: Display: Found up-to-date module file ../../../Engine/Plugins/Media/WmfMedia/Binaries/Win64/UE4Editor-WmfMedia.dll (API version 3944462).
LogModuleManager: Display: Found up-to-date module file ../../../Engine/Plugins/Media/WmfMedia/Binaries/Win64/UE4Editor-WmfMediaEditor.dll (API version 3944462).
LogModuleManager: Display: Found up-to-date module file ../../../Engine/Plugins/Media/WmfMedia/Binaries/Win64/UE4Editor-WmfMediaFactory.dll (API version 3944462).
LogModuleManager: Display: Found up-to-date module file ../../../Engine/Plugins/Media/WmfMedia/Binaries/Win64/UE4Editor-WmfMediaFactory.dll (API version 3944462).
LogModuleManager: Display: Found up-to-date module file ../../../Engine/Plugins/Messaging/TcpMessaging/Binaries/Win64/UE4Editor-TcpMessaging.dll (API version 3944462).
LogModuleManager: Display: Found up-to-date module file ../../../Engine/Plugins/Messaging/UdpMessaging/Binaries/Win64/UE4Editor-UdpMessaging.dll (API version 3944462).
LogModuleManager: Display: Found up-to-date module file ../../../Engine/Plugins/MovieScene/ActorSequence/Binaries/Win64/UE4Editor-ActorSequence.dll (API version 3944462).
LogModuleManager: Display: Found up-to-date module file ../../../Engine/Plugins/MovieScene/LevelSequenceEditor/Binaries/Win64/UE4Editor-LevelSequenceEditor.dll (API version 3944462).
LogModuleManager: Display: Found up-to-date module file ../../../Engine/Plugins/MovieScene/MatineeToLevelSequence/Binaries/Win64/UE4Editor-MatineeToLevelSequence.dll (API version 3944462).
LogModuleManager: Display: Found up-to-date module file ../../../Engine/Plugins/NetcodeUnitTest/NetcodeUnitTest/Binaries/Win64/UE4Editor-NetcodeUnitTest.dll (API version 3944462).
LogModuleManager: Display: Found up-to-date module file ../../../Engine/Plugins/NetcodeUnitTest/NUTUnrealEngine4/Binaries/Win64/UE4Editor-NUTUnrealEngine4.dll (API version 3944462).
LogModuleManager: Display: Found up-to-date module file ../../../Engine/Plugins/Online/OnlineSubsystem/Binaries/Win64/UE4Editor-OnlineSubsystem.dll (API version 3944462).
LogModuleManager: Display: Found up-to-date module file ../../../Engine/Plugins/Online/OnlineSubsystemNull/Binaries/Win64/UE4Editor-OnlineSubsystemNull.dll (API version 3944462).
LogModuleManager: Display: Found up-to-date module file ../../../Engine/Plugins/Online/OnlineSubsystemUtils/Binaries/Win64/UE4Editor-OnlineSubsystemUtils.dll (API version 3944462).
LogModuleManager: Display: Found up-to-date module file ../../../Engine/Plugins/Online/OnlineSubsystemUtils/Binaries/Win64/UE4Editor-OnlineBlueprintSupport.dll (API version 3944462).
LogModuleManager: Display: Found up-to-date module file ../../../Engine/Plugins/Runtime/AndroidDeviceProfileSelector/Binaries/Win64/UE4Editor-AndroidDeviceProfileSelector.dll (API version 3944462).
LogModuleManager: Display: Found up-to-date module file ../../../Engine/Plugins/Runtime/AndroidPermission/Binaries/Win64/UE4Editor-AndroidPermission.dll (API version 3944462).
LogModuleManager: Display: Found up-to-date module file ../../../Engine/Plugins/Runtime/AppleARKit/Binaries/Win64/UE4Editor-AppleARKit.dll (API version 3944462).
LogModuleManager: Display: Found up-to-date module file ../../../Engine/Plugins/Runtime/ArchVisCharacter/Binaries/Win64/UE4Editor-ArchVisCharacter.dll (API version 3944462).
LogModuleManager: Display: Found up-to-date module file ../../../Engine/Plugins/Runtime/AudioCapture/Binaries/Win64/UE4Editor-AudioCapture.dll (API version 3944462).
LogModuleManager: Display: Found up-to-date module file ../../../Engine/Plugins/Runtime/AudioCapture/Binaries/Win64/UE4Editor-AudioCaptureEditor.dll (API version 3944462).
LogModuleManager: Display: Found up-to-date module file ../../../Engine/Plugins/Runtime/CableComponent/Binaries/Win64/UE4Editor-CableComponent.dll (API version 3944462).
LogModuleManager: Display: Found up-to-date module file ../../../Engine/Plugins/Runtime/CustomMeshComponent/Binaries/Win64/UE4Editor-CustomMeshComponent.dll (API version 3944462).
LogModuleManager: Display: Found up-to-date module file ../../../Engine/Plugins/Runtime/ExampleDeviceProfileSelector/Binaries/Win64/UE4Editor-ExampleDeviceProfileSelector.dll (API version 3944462).
LogModuleManager: Display: Found up-to-date module file ../../../Engine/Plugins/Runtime/ImmediatePhysics/Binaries/Win64/UE4Editor-ImmediatePhysics.dll (API version 3944462).
LogModuleManager: Display: Found up-to-date module file ../../../Engine/Plugins/Runtime/ImmediatePhysics/Binaries/Win64/UE4Editor-ImmediatePhysicsEditor.dll (API version 3944462).
LogModuleManager: Display: Found up-to-date module file ../../../Engine/Plugins/Runtime/LocationServicesBPLibrary/Binaries/Win64/UE4Editor-LocationServicesBPLibrary.dll (API version 3944462).
LogModuleManager: Display: Found up-to-date module file ../../../Engine/Plugins/Runtime/MobilePatchingUtils/Binaries/Win64/UE4Editor-MobilePatchingUtils.dll (API version 3944462).
LogModuleManager: Display: Found up-to-date module file ../../../Engine/Plugins/Runtime/Oculus/OculusVR/Binaries/Win64/UE4Editor-OculusHMD.dll (API version 3944462).
LogModuleManager: Display: Found up-to-date module file ../../../Engine/Plugins/Runtime/Oculus/OculusVR/Binaries/Win64/UE4Editor-OculusInput.dll (API version 3944462).
LogModuleManager: Display: Found up-to-date module file ../../../Engine/Plugins/Runtime/Oculus/OculusVR/Binaries/Win64/UE4Editor-OculusEditor.dll (API version 3944462).
LogModuleManager: Display: Found up-to-date module file ../../../Engine/Plugins/Runtime/PhysXVehicles/Binaries/Win64/UE4Editor-PhysXVehicles.dll (API version 3944462).
LogModuleManager: Display: Found up-to-date module file ../../../Engine/Plugins/Runtime/PhysXVehicles/Binaries/Win64/UE4Editor-PhysXVehiclesEditor.dll (API version 3944462).
LogModuleManager: Display: Found up-to-date module file ../../../Engine/Plugins/Runtime/ProceduralMeshComponent/Binaries/Win64/UE4Editor-ProceduralMeshComponent.dll (API version 3944462).
LogModuleManager: Display: Found up-to-date module file ../../../Engine/Plugins/Runtime/ProceduralMeshComponent/Binaries/Win64/UE4Editor-ProceduralMeshComponentEditor.dll (API version 3944462).
LogModuleManager: Display: Found up-to-date module file ../../../Engine/Plugins/Runtime/RuntimePhysXCooking/Binaries/Win64/UE4Editor-RuntimePhysXCooking.dll (API version 3944462).
LogModuleManager: Display: Found up-to-date module file ../../../Engine/Plugins/Runtime/Steam/SteamVR/Binaries/Win64/UE4Editor-SteamVR.dll (API version 3944462).
LogModuleManager: Display: Found up-to-date module file ../../../Engine/Plugins/Runtime/Steam/SteamVR/Binaries/Win64/UE4Editor-SteamVRController.dll (API version 3944462).
LogModuleManager: Display: Found up-to-date module file ../../../Engine/Plugins/Runtime/WindowsMoviePlayer/Binaries/Win64/UE4Editor-WindowsMoviePlayer.dll (API version 3944462).
LogInit: Using libcurl 7.47.1
LogInit:  - built for x86_64-pc-win32
LogInit:  - supports SSL with OpenSSL/1.0.2g
LogInit:  - supports HTTP deflate (compression) using libz 1.2.8
LogInit:  - other features:
LogInit:      CURL_VERSION_SSL
LogInit:      CURL_VERSION_LIBZ
LogInit:      CURL_VERSION_IPV6
LogInit:      CURL_VERSION_ASYNCHDNS
LogInit:      CURL_VERSION_LARGEFILE
LogInit:      CURL_VERSION_IDN
LogInit:  CurlRequestOptions (configurable via config and command line):
LogInit:  - bVerifyPeer = false  - Libcurl will NOT verify peer certificate
LogInit:  - bUseHttpProxy = false  - Libcurl will NOT use HTTP proxy
LogInit:  - bDontReuseConnections = false  - Libcurl will reuse connections
LogInit:  - CertBundlePath = nullptr  - Libcurl will use whatever was configured at build time.
LogInit:  - MaxHostConnections = 16  - Libcurl will limit the number of connections to a host
LogInit:  - LocalHostAddr = Default
LogInit: WinSock: version 1.1 (2.2), MaxSocks=32767, MaxUdp=65467
LogInit: WinSock: I am DESKTOP-T011GUM (192.168.1.157:0)
LogInit: Build: ++UE4+Release-4.19-CL-4033788
LogInit: Engine Version: 4.19.2-4033788+++UE4+Release-4.19
LogInit: Compatible Engine Version: 4.19.0-3944462+++UE4+Release-4.19
LogInit: Net CL: 3944462
LogDevObjectVersion: Number of dev versions registered: 18
LogDevObjectVersion:   Dev-Blueprints (B0D832E4-1F89-4F0D-ACCF-7EB736FD4AA2): 10
LogDevObjectVersion:   Dev-Build (E1C64328-A22C-4D53-A36C-8E866417BD8C): 0
LogDevObjectVersion:   Dev-Core (375EC13C-06E4-48FB-B500-84F0262A717E): 2
LogDevObjectVersion:   Dev-Editor (E4B068ED-F494-42E9-A231-DA0B2E46BB41): 23
LogDevObjectVersion:   Dev-Framework (CFFC743F-43B0-4480-9391-14DF171D2073): 33
LogDevObjectVersion:   Dev-Mobile (B02B49B5-BB20-44E9-A304-32B752E40360): 2
LogDevObjectVersion:   Dev-Networking (A4E4105C-59A1-49B5-A7C5-40C4547EDFEE): 0
LogDevObjectVersion:   Dev-Online (39C831C9-5AE6-47DC-9A44-9C173E1C8E7C): 0
LogDevObjectVersion:   Dev-Physics (78F01B33-EBEA-4F98-B9B4-84EACCB95AA2): 0
LogDevObjectVersion:   Dev-Platform (6631380F-2D4D-43E0-8009-CF276956A95A): 0
LogDevObjectVersion:   Dev-Rendering (12F88B9F-8875-4AFC-A67C-D90C383ABD29): 25
LogDevObjectVersion:   Dev-Sequencer (7B5AE74C-D270-4C10-A958-57980B212A5A): 6
LogDevObjectVersion:   Dev-VR (D7296918-1DD6-4BDD-9DE2-64A83CC13884): 1
LogDevObjectVersion:   Dev-LoadTimes (C2A15278-BFE7-4AFE-6C17-90FF531DF755): 1
LogDevObjectVersion:   Private-Geometry (6EACA3D4-40EC-4CC1-B786-8BED09428FC5): 2
LogDevObjectVersion:   Dev-AnimPhys (29E575DD-E0A3-4627-9D10-D276232CDCEA): 16
LogDevObjectVersion:   Dev-ReflectionCapture (6B266CEC-1EC7-4B8F-A30B-E4D90942FC07): 1
LogDevObjectVersion:   Dev-Automation (0DF73D61-A23F-47EA-B727-89E90C41499A): 1
LogInit: Compiled (64-bit): Apr 27 2018 02:06:57
LogInit: Compiled with Visual C++: 19.00.24215.01
LogInit: Build Configuration: Development
LogInit: Branch Name: ++UE4+Release-4.19
LogInit: Command Line: 
LogInit: Base Directory: C:/Program Files/Epic Games/UE_4.19/Engine/Binaries/Win64/
LogInit: Installed Engine Build: 1
LogStreaming: Display: Took  0.001s to delete old logs.
LogInit: Presizing for max 8388607 objects, including 0 objects not considered by GC, pre-allocating 0 bytes for permanent pool.
LogInit: Object subsystem initialized
[2018.07.11-20.33.41:071][  0]LogInit: Selected Device Profile: [Windows]
[2018.07.11-20.33.41:071][  0]LogInit: Applying CVar settings loaded from the selected device profile: [Windows]
[2018.07.11-20.33.41:080][  0]LogInit: Computer: DESKTOP-T011GUM
[2018.07.11-20.33.41:080][  0]LogInit: User: Courc
[2018.07.11-20.33.41:080][  0]LogInit: CPU Page size=4096, Cores=6
[2018.07.11-20.33.41:080][  0]LogInit: High frequency timer resolution =3.609380 MHz
[2018.07.11-20.33.41:080][  0]LogMemory: Memory total: Physical=15.9GB (16GB approx)
[2018.07.11-20.33.41:080][  0]LogMemory: Platform Memory Stats for Windows
[2018.07.11-20.33.41:080][  0]LogMemory: Process Physical Memory: 273.89 MB used, 273.89 MB peak
[2018.07.11-20.33.41:080][  0]LogMemory: Process Virtual Memory: 271.39 MB used, 271.39 MB peak
[2018.07.11-20.33.41:080][  0]LogMemory: Physical Memory: 9407.37 MB used,  6920.78 MB free, 16328.14 MB total
[2018.07.11-20.33.41:080][  0]LogMemory: Virtual Memory: 4810.01 MB used,  6920.78 MB free, 134217728.00 MB total
[2018.07.11-20.33.41:107][  0]LogInit: Using OS detected language (en-US).
[2018.07.11-20.33.41:107][  0]LogInit: Using OS detected locale (en-US).
[2018.07.11-20.33.41:114][  0]LogTextLocalizationManager: No specific localization for 'en-US' exists, so the 'en' localization will be used.
[2018.07.11-20.33.41:417][  0]LogStreaming: Display: Took  0.311s to EndInitTextLocalization.
[2018.07.11-20.33.41:417][  0]LogInit: Setting process to per monitor DPI aware
[2018.07.11-20.33.41:449][  0]LogSlate: New Slate User Created.  User Index 0, Is Virtual User: 0
[2018.07.11-20.33.41:449][  0]LogSlate: Slate User Registered.  User Index 0, Is Virtual User: 0
[2018.07.11-20.33.41:807][  0]LogD3D11RHI: D3D11 adapters:
[2018.07.11-20.33.41:857][  0]LogD3D11RHI:    0. 'NVIDIA GeForce GTX 1070 Ti' (Feature Level 11_0)
[2018.07.11-20.33.41:857][  0]LogD3D11RHI:       8080/0/8164 MB DedicatedVideo/DedicatedSystem/SharedSystem, Outputs:2, VendorId:0x10de
[2018.07.11-20.33.41:860][  0]LogD3D11RHI:    1. 'Microsoft Basic Render Driver' (Feature Level 11_0)
[2018.07.11-20.33.41:860][  0]LogD3D11RHI:       0/0/8164 MB DedicatedVideo/DedicatedSystem/SharedSystem, Outputs:0, VendorId:0x1414
[2018.07.11-20.33.41:860][  0]LogD3D11RHI: Chosen D3D11 Adapter: 0
[2018.07.11-20.33.41:864][  0]LogD3D11RHI: Creating new Direct3DDevice
[2018.07.11-20.33.41:864][  0]LogD3D11RHI:     GPU DeviceId: 0x1b82 (for the marketing name, search the web for "GPU Device Id")
[2018.07.11-20.33.41:864][  0]LogWindows: EnumDisplayDevices:
[2018.07.11-20.33.41:864][  0]LogWindows:    0. 'NVIDIA GeForce GTX 1070 Ti' (P:1 D:1)
[2018.07.11-20.33.41:864][  0]LogWindows:    1. 'NVIDIA GeForce GTX 1070 Ti' (P:0 D:1)
[2018.07.11-20.33.41:864][  0]LogWindows:    2. 'NVIDIA GeForce GTX 1070 Ti' (P:0 D:0)
[2018.07.11-20.33.41:864][  0]LogWindows:    3. 'NVIDIA GeForce GTX 1070 Ti' (P:0 D:0)
[2018.07.11-20.33.41:864][  0]LogWindows: DebugString: GetVideoDriverDetailsInvalid PrimaryIsNotTheChoosenAdapter GetVideoDriverDetailsInvalid PrimaryIsNotTheChoosenAdapter GetVideoDriverDetailsInvalid PrimaryIsNotTheChoosenAdapter GetVideoDriverDetailsInvalid PrimaryIsNotTheChoosenAdapter FoundDriverCount:0 
[2018.07.11-20.33.41:864][  0]LogD3D11RHI:     Adapter Name: NVIDIA GeForce GTX 1070 Ti
[2018.07.11-20.33.41:864][  0]LogD3D11RHI:   Driver Version: Unknown (internal:Unknown, unified:Unknown)
[2018.07.11-20.33.41:864][  0]LogD3D11RHI:      Driver Date: Unknown
[2018.07.11-20.33.41:864][  0]LogRHI: Texture pool is 5656 MB (70% of 8080 MB)
[2018.07.11-20.33.41:894][  0]LogD3D11RHI: [Aftermath] Aftermath enabled and primed
[2018.07.11-20.33.41:894][  0]LogD3D11RHI: [Aftermath] Aftermath enabled and primed
[2018.07.11-20.33.41:894][  0]LogD3D11RHI: Async texture creation enabled
[2018.07.11-20.33.41:913][  0]LogD3D11RHI: GPU Timing Frequency: 1000.000000 (Debug: 2 2)
[2018.07.11-20.33.42:008][  0]LogShaderCompilers: Guid format shader working directory is -31 characters bigger than the processId version (D:/repos/03_BuildingEscape/03_BuildingEscape/03_BuildingEscape/BuildingEscape/Intermediate/Shaders/WorkingDirectory/9944/).
[2018.07.11-20.33.42:008][  0]LogShaderCompilers: Cleaned the shader compiler working directory 'C:/Users/Courc/AppData/Local/Temp/UnrealShaderWorkingDir/34D0C99F4BB82FFF284A5AA7B403D0F4/'.
[2018.07.11-20.33.42:198][  0]LogTemp: Display: Loaded TP AllDesktopTargetPlatform
[2018.07.11-20.33.42:209][  0]LogTemp: Display: Loaded TP MacClientTargetPlatform
[2018.07.11-20.33.42:220][  0]LogTemp: Display: Loaded TP MacNoEditorTargetPlatform
[2018.07.11-20.33.42:231][  0]LogTemp: Display: Loaded TP MacServerTargetPlatform
[2018.07.11-20.33.42:242][  0]LogTemp: Display: Loaded TP MacTargetPlatform
[2018.07.11-20.33.42:253][  0]LogTemp: Display: Loaded TP WindowsClientTargetPlatform
[2018.07.11-20.33.42:264][  0]LogTemp: Display: Loaded TP WindowsNoEditorTargetPlatform
[2018.07.11-20.33.42:275][  0]LogTemp: Display: Loaded TP WindowsServerTargetPlatform
[2018.07.11-20.33.42:281][  0]LogTemp: Display: Loaded TP WindowsTargetPlatform
[2018.07.11-20.33.42:291][  0]LogTemp: Display: Loaded TP Android_ASTCTargetPlatform
[2018.07.11-20.33.42:301][  0]LogTemp: Display: Loaded TP Android_ATCTargetPlatform
[2018.07.11-20.33.42:311][  0]LogTemp: Display: Loaded TP Android_DXTTargetPlatform
[2018.07.11-20.33.42:328][  0]LogTemp: Display: Loaded TP Android_ETC1aTargetPlatform
[2018.07.11-20.33.42:338][  0]LogTemp: Display: Loaded TP Android_ETC1TargetPlatform
[2018.07.11-20.33.42:348][  0]LogTemp: Display: Loaded TP Android_ETC2TargetPlatform
[2018.07.11-20.33.42:368][  0]LogTemp: Display: Loaded TP Android_MultiTargetPlatform
[2018.07.11-20.33.42:368][  0]LogTemp: Display: Loaded TP Android_PVRTCTargetPlatform
[2018.07.11-20.33.42:380][  0]LogTemp: Display: Loaded TP AndroidTargetPlatform
[2018.07.11-20.33.42:382][  0]LogTemp: Display: Loaded TP HTML5TargetPlatform
[2018.07.11-20.33.42:417][  0]LogTemp: Display: Loaded TP IOSTargetPlatform
[2018.07.11-20.33.42:426][  0]LogTemp: Display: Loaded TP TVOSTargetPlatform
[2018.07.11-20.33.42:436][  0]LogTemp: Display: Loaded TP LinuxClientTargetPlatform
[2018.07.11-20.33.42:445][  0]LogTemp: Display: Loaded TP LinuxNoEditorTargetPlatform
[2018.07.11-20.33.42:455][  0]LogTemp: Display: Loaded TP LinuxServerTargetPlatform
[2018.07.11-20.33.42:465][  0]LogTemp: Display: Loaded TP LinuxTargetPlatform
[2018.07.11-20.33.42:465][  0]LogTargetPlatformManager: Display: Building Assets For Windows
[2018.07.11-20.33.42:584][  0]LogXGEController: Cleaning working directory: C:/Users/Courc/AppData/Local/Temp/UnrealXGEWorkingDir/
[2018.07.11-20.33.42:584][  0]LogXGEController: Cannot use XGE Controller as Incredibuild is not installed on this machine.
[2018.07.11-20.33.42:584][  0]LogShaderCompilers: Cannot use XGE Shader Compiler as Incredibuild is not installed on this machine.
[2018.07.11-20.33.42:584][  0]LogShaderCompilers: Display: Using Local Shader Compiler.
[2018.07.11-20.33.43:325][  0]LogDerivedDataCache: Display: Max Cache Size: 512 MB
[2018.07.11-20.33.43:372][  0]LogDerivedDataCache: Loaded boot cache 0.05s 74MB C:/Users/Courc/AppData/Local/UnrealEngine/4.19/DerivedDataCache/Boot.ddc.
[2018.07.11-20.33.43:372][  0]LogDerivedDataCache: Display: Loaded Boot cache: C:/Users/Courc/AppData/Local/UnrealEngine/4.19/DerivedDataCache/Boot.ddc
[2018.07.11-20.33.43:372][  0]LogDerivedDataCache: FDerivedDataBackendGraph:  Pak pak cache file D:/repos/03_BuildingEscape/03_BuildingEscape/03_BuildingEscape/BuildingEscape/DerivedDataCache/DDC.ddp not found, will not use a pak cache.
[2018.07.11-20.33.43:372][  0]LogDerivedDataCache: Unable to find inner node Pak for hierarchical cache Hierarchy.
[2018.07.11-20.33.43:373][  0]LogDerivedDataCache: FDerivedDataBackendGraph:  CompressedPak pak cache file D:/repos/03_BuildingEscape/03_BuildingEscape/03_BuildingEscape/BuildingEscape/DerivedDataCache/Compressed.ddp not found, will not use a pak cache.
[2018.07.11-20.33.43:373][  0]LogDerivedDataCache: Unable to find inner node CompressedPak for hierarchical cache Hierarchy.
[2018.07.11-20.33.43:384][  0]LogDerivedDataCache: Display: Pak cache opened for reading ../../../Engine/DerivedDataCache/Compressed.ddp.
[2018.07.11-20.33.43:397][  0]LogDerivedDataCache: Using Local data cache path C:/Users/Courc/AppData/Local/UnrealEngine/Common/DerivedDataCache: Writable
[2018.07.11-20.33.43:397][  0]LogDerivedDataCache: Shared data cache path not found in *engine.ini, will not use an Shared cache.
[2018.07.11-20.33.43:397][  0]LogDerivedDataCache: Unable to find inner node Shared for hierarchical cache Hierarchy.
[2018.07.11-20.33.43:405][  0]LogMaterial: Verifying Global Shaders for PCD3D_SM5
[2018.07.11-20.33.43:405][  0]LogSlate: Using Freetype 2.6.0
[2018.07.11-20.33.43:407][  0]LogSlate: SlateFontCache - WITH_FREETYPE: 1, WITH_HARFBUZZ: 1
[2018.07.11-20.33.43:407][  0]LogSlate: SlateFontCache - WITH_FREETYPE: 1, WITH_HARFBUZZ: 1
[2018.07.11-20.33.43:613][  0]LogAssetRegistry: FAssetRegistry took 0.0254 seconds to start up
[2018.07.11-20.33.43:842][  0]LogInit: Selected Device Profile: [Windows]
[2018.07.11-20.33.43:971][  0]LogSimplygon: Simplygon DLL not present - disabling.
[2018.07.11-20.33.43:974][  0]LogMeshReduction: Using SimplygonSwarm for distributed automatic mesh merging
[2018.07.11-20.33.43:974][  0]LogMeshReduction: Using QuadricMeshReduction for automatic static mesh reduction
[2018.07.11-20.33.43:974][  0]LogMeshReduction: No automatic skeletal mesh reduction module available
[2018.07.11-20.33.43:974][  0]LogMeshReduction: No automatic mesh merging module available
[2018.07.11-20.33.43:974][  0]LogMeshMerging: No automatic mesh merging module available
[2018.07.11-20.33.44:008][  0]LogNetVersion: BuildingEscape , NetCL: 3944462, EngineNetVer: 2, GameNetVer: 0 (Checksum: 4285820645)
[2018.07.11-20.33.44:396][  0]LogPackageLocalizationCache: Processed 9 localized package path(s) for 2 prioritized culture(s) in 0.044719 seconds
[2018.07.11-20.33.44:399][  0]LogUObjectArray: 36728 objects as part of root set at end of initial load.
[2018.07.11-20.33.44:399][  0]LogUObjectAllocator: 7314304 out of 0 bytes used by permanent object pool.
[2018.07.11-20.33.44:399][  0]LogUObjectArray: CloseDisregardForGC: 0/0 objects in disregard for GC pool
[2018.07.11-20.33.46:380][  0]LogTcpMessaging: Initializing TcpMessaging bridge
[2018.07.11-20.33.46:410][  0]LogUdpMessaging: Initializing bridge on interface 0.0.0.0:0 to multicast group 230.0.0.1:6666.
[2018.07.11-20.33.46:797][  0]SourceControl: Source control is disabled
[2018.07.11-20.33.46:797][  0]SourceControl: Source control is disabled
[2018.07.11-20.33.46:816][  0]SourceControl: Source control is disabled
[2018.07.11-20.33.46:834][  0]SourceControl: Source control is disabled
[2018.07.11-20.33.47:333][  0]LogAndroidPermission: UAndroidPermissionCallbackProxy::GetInstance
[2018.07.11-20.33.47:496][  0]LogOcInput: OculusInput pre-init called
[2018.07.11-20.33.47:598][  0]LogEngine: Initializing Engine...
[2018.07.11-20.33.47:599][  0]LogHMD: Failed to initialize OpenVR with code 110
[2018.07.11-20.33.47:600][  0]LogStats: UGameplayTagsManager::ConstructGameplayTagTree: Construct from data asset -  0.000 s
[2018.07.11-20.33.47:600][  0]LogStats: UGameplayTagsManager::ConstructGameplayTagTree: GameplayTagTreeChangedEvent.Broadcast -  0.000 s
[2018.07.11-20.33.47:775][  0]LogAIModule: Creating AISystem for world Untitled
[2018.07.11-20.33.47:822][  0]LogInit: XAudio2 using 'Speakers (Realtek High Definition Audio)' : 2 channels at 48 kHz using 32 bits per sample (channel mask 0x3)
[2018.07.11-20.33.47:849][  0]LogInit: FAudioDevice initialized.
[2018.07.11-20.33.47:923][  0]LogDerivedDataCache: Saved boot cache 0.07s 74MB C:/Users/Courc/AppData/Local/UnrealEngine/4.19/DerivedDataCache/Boot.ddc.
[2018.07.11-20.33.47:930][  0]LogInit: Texture streaming: Enabled
[2018.07.11-20.33.47:948][  0]LogEngineSessionManager: EngineSessionManager initialized
[2018.07.11-20.33.47:948][  0]LogEngineSessionManager: EngineSessionManager sent abnormal shutdown report. Type=Crashed, SessionId={4BE44829-41A2-7C72-A3AD-0BBE5778B595}
[2018.07.11-20.33.47:959][  0]LogInit: Transaction tracking system initialized
[2018.07.11-20.33.47:986][  0]BlueprintLog: New page: Editor Load
[2018.07.11-20.33.48:063][  0]LocalizationService: Localization service is disabled
[2018.07.11-20.33.48:160][  0]LogConsoleResponse: Display: 
[2018.07.11-20.33.48:307][  0]LogCook: Display: Max memory allowance for cook 16384mb min free memory 0mb
[2018.07.11-20.33.48:307][  0]LogCook: Display: Mobile HDR setting 1
[2018.07.11-20.33.48:307][  0]LogGameplayTags: Display: UGameplayTagsManager::DoneAddingNativeTags. DelegateIsBound: 0
[2018.07.11-20.33.48:307][  0]LogStats: UGameplayTagsManager::ConstructGameplayTagTree: Construct from data asset -  0.000 s
[2018.07.11-20.33.48:307][  0]LogStats: UGameplayTagsManager::ConstructGameplayTagTree: GameplayTagTreeChangedEvent.Broadcast -  0.000 s
[2018.07.11-20.33.48:621][  0]LogFileCache: Scanning file cache for directory 'D:/repos/03_BuildingEscape/03_BuildingEscape/03_BuildingEscape/BuildingEscape/Content/' took 0.01s
[2018.07.11-20.33.48:695][  0]SourceControl: Source control is disabled
[2018.07.11-20.33.48:789][  0]LogWindowsTextInputMethodSystem: Display: IME system now deactivated.
[2018.07.11-20.33.48:791][  0]LogSlate: Took 0.000536 seconds to synchronously load lazily loaded font '../../../Engine/Content/Slate/Fonts/Roboto-Regular.ttf' (155K)
[2018.07.11-20.34.09:131][  0]LogSlate: Window 'Restore Packages' being destroyed
[2018.07.11-20.34.09:131][  0]LogWindowsTextInputMethodSystem: Display: IME system now deactivated.
[2018.07.11-20.34.09:146][  0]LogWindowsTextInputMethodSystem: Display: IME system now deactivated.
[2018.07.11-20.34.11:571][  0]LogSlate: Window 'Unable to Check Out From Source Control!' being destroyed
[2018.07.11-20.34.11:571][  0]LogWindowsTextInputMethodSystem: Display: IME system now deactivated.
[2018.07.11-20.34.11:590][  0]LogWindowsTextInputMethodSystem: Display: IME system now deactivated.
[2018.07.11-20.34.11:590][  0]Cmd: MAP LOAD FILE="D:/repos/03_BuildingEscape/03_BuildingEscape/03_BuildingEscape/BuildingEscape/Content/NewMap.umap" TEMPLATE=0 SHOWPROGRESS=1 FEATURELEVEL=3
[2018.07.11-20.34.11:591][  0]LightingResults: New page: Lighting Build
[2018.07.11-20.34.11:595][  0]MapCheck: New page: Map Check
[2018.07.11-20.34.11:595][  0]LightingResults: New page: Lighting Build
[2018.07.11-20.34.11:839][  0]LogAIModule: Creating AISystem for world NewMap
[2018.07.11-20.34.11:844][  0]LogEditorServer: Finished looking for orphan Actors (0.000 secs)
[2018.07.11-20.34.11:853][  0]Cmd: MAP CHECKDEP NOCLEARLOG
[2018.07.11-20.34.11:995][  0]MapCheck: Map check complete: 0 Error(s), 0 Warning(s), took 141.611ms to complete.
[2018.07.11-20.34.11:995][  0]LogFileHelpers: Loading map 'NewMap' took 0.404
[2018.07.11-20.34.12:066][  0]LogStats: Warning: MetaData mismatch. Did you assign a stat to two groups? New //STATGROUP_Threads//SplashScreenThread///Thread_fd0_0///####STATCAT_Advanced#### old //STATGROUP_Threads//SplashScreenThread///Thread_14a8_0///####STATCAT_Advanced####
[2018.07.11-20.34.12:066][  0]LogCollectionManager: Loaded 0 collections in 0.001438 seconds
[2018.07.11-20.34.12:108][  0]LogFileCache: Scanning file cache for directory 'D:/repos/03_BuildingEscape/03_BuildingEscape/03_BuildingEscape/BuildingEscape/Saved/Collections/' took 0.01s
[2018.07.11-20.34.12:108][  0]LogFileCache: Scanning file cache for directory 'D:/repos/03_BuildingEscape/03_BuildingEscape/03_BuildingEscape/BuildingEscape/Content/Developers/Courc/Collections/' took 0.01s
[2018.07.11-20.34.12:108][  0]LogFileCache: Scanning file cache for directory 'D:/repos/03_BuildingEscape/03_BuildingEscape/03_BuildingEscape/BuildingEscape/Content/Collections/' took 0.01s
[2018.07.11-20.34.12:108][  0]LogCollectionManager: Rebuilt the GUID cache for 0 collections in 0.000000 seconds
[2018.07.11-20.34.12:114][  0]LogContentBrowser: Native class hierarchy populated in 0.0066 seconds. Added 2455 classes and 560 folders.
[2018.07.11-20.34.12:121][  0]LogContentBrowser: Native class hierarchy updated for 'WidgetCarousel' in 0.0004 seconds. Added 0 classes and 0 folders.
[2018.07.11-20.34.12:185][  0]LogContentBrowser: Native class hierarchy updated for 'AddContentDialog' in 0.0004 seconds. Added 0 classes and 0 folders.
[2018.07.11-20.34.12:191][  0]LogContentBrowser: Native class hierarchy updated for 'SceneOutliner' in 0.0004 seconds. Added 1 classes and 2 folders.
[2018.07.11-20.34.12:201][  0]LogSlate: Took 0.000593 seconds to synchronously load lazily loaded font '../../../Engine/Content/Slate/Fonts/Roboto-Bold.ttf' (160K)
[2018.07.11-20.34.12:203][  0]LogSlate: Took 0.000499 seconds to synchronously load lazily loaded font '../../../Engine/Content/Editor/Slate/Fonts/FontAwesome.ttf' (139K)
[2018.07.11-20.34.12:272][  0]LogRenderer: Reallocating scene render targets to support 1208x512 Format 10 NumSamples 1 (Frame:1).
[2018.07.11-20.34.12:309][  0]LogSlate: Took 0.000514 seconds to synchronously load lazily loaded font '../../../Engine/Content/Slate/Fonts/Roboto-Light.ttf' (167K)
[2018.07.11-20.34.12:371][  0]LogContentBrowser: Native class hierarchy updated for 'HierarchicalLODOutliner' in 0.0004 seconds. Added 0 classes and 0 folders.
[2018.07.11-20.34.12:371][  0]LogLoad: (Engine Initialization) Total time: 34.33 seconds
[2018.07.11-20.34.12:371][  0]LogLoad: (Engine Initialization) Total Blueprint compile time: 0.00 seconds
[2018.07.11-20.34.12:395][  0]LogAssetRegistry: Asset discovery search completed in 28.8041 seconds
[2018.07.11-20.34.12:397][  0]LogCollectionManager: Rebuilt the object cache for 0 collections in 0.000000 seconds (found 0 objects)
[2018.07.11-20.34.12:397][  0]LogCollectionManager: Fixed up redirectors for 0 collections in 0.000044 seconds (updated 0 objects)
[2018.07.11-20.34.12:398][  0]LogContentStreaming: Texture pool size now 1000 MB
[2018.07.11-20.34.28:002][536]LogSlate: FSceneViewport::OnFocusLost() reason 0
[2018.07.11-20.34.28:067][544]LogTemp: Repeating last play command: Selected Viewport
[2018.07.11-20.34.28:074][544]LogPlayLevel: PlayLevel: No blueprints needed recompiling
[2018.07.11-20.34.28:075][544]PIE: New page: PIE session: NewMap (Jul 11, 2018, 12:34:28 PM)
[2018.07.11-20.34.28:075][544]LogPlayLevel: Creating play world package: /Game/UEDPIE_0_NewMap
[2018.07.11-20.34.28:078][544]LogPlayLevel: PIE: StaticDuplicateObject took: (0.003273s)
[2018.07.11-20.34.28:079][544]LogAIModule: Creating AISystem for world NewMap
[2018.07.11-20.34.28:079][544]LogPlayLevel: PIE: World Init took: (0.000554s)
[2018.07.11-20.34.28:079][544]LogPlayLevel: PIE: Created PIE world by copying editor world from /Game/NewMap.NewMap to /Game/UEDPIE_0_NewMap.NewMap (0.003964s)
[2018.07.11-20.34.28:094][544]LogInit: XAudio2 using 'Speakers (Realtek High Definition Audio)' : 2 channels at 48 kHz using 32 bits per sample (channel mask 0x3)
[2018.07.11-20.34.28:104][544]LogInit: FAudioDevice initialized.
[2018.07.11-20.34.28:149][544]LogUObjectGlobals: Warning: Failed to find object 'Class /Script/BuildingEscape.BuildingEscapeGameMode'
[2018.07.11-20.34.28:149][544]LogLoad: Game class is 'GameModeBase'
[2018.07.11-20.34.28:151][544]LogWorld: Bringing World /Game/UEDPIE_0_NewMap.NewMap up for play (max tick rate 0) at 2018.07.11-16.34.28
[2018.07.11-20.34.28:151][544]LogWorld: Bringing up level for play took: 0.000948
[2018.07.11-20.34.28:154][544]LogContentBrowser: Native class hierarchy updated for 'MovieSceneCapture' in 0.0004 seconds. Added 11 classes and 0 folders.
[2018.07.11-20.34.28:154][544]LogTemp: Warning: SM_Door_30 is at X=485.000 Y=145.000 Z=20.000
[2018.07.11-20.34.28:155][544]LogTemp: Warning: SM_Door2 is at X=485.000 Y=-255.000 Z=20.000
[2018.07.11-20.34.28:155][544]PIE: Play in editor start time for /Game/UEDPIE_0_NewMap 1.033
[2018.07.11-20.34.31:964][889]LogWindows: Error: === Critical error: ===
[2018.07.11-20.34.31:964][889]LogWindows: Error: 
[2018.07.11-20.34.31:964][889]LogWindows: Error: Fatal error!
[2018.07.11-20.34.31:964][889]LogWindows: Error: 
[2018.07.11-20.34.31:964][889]LogWindows: Error: Unhandled Exception: EXCEPTION_ACCESS_VIOLATION reading address 0x00000170
[2018.07.11-20.34.31:964][889]LogWindows: Error: 
[2018.07.11-20.34.31:964][889]LogWindows: Error: [Callstack] 0x00000000A56971A4 UE4Editor-Engine.dll!UnknownFunction []
[2018.07.11-20.34.31:964][889]LogWindows: Error: [Callstack] 0x0000000094A720A0 UE4Editor-BuildingEscape-1084.dll!UOpenDoor::TickComponent() [d:\repos\03_buildingescape\03_buildingescape\03_buildingescape\buildingescape\source\buildingescape\opendoor.cpp:60]
[2018.07.11-20.34.31:964][889]LogWindows: Error: [Callstack] 0x00000000A5A4D828 UE4Editor-Engine.dll!UnknownFunction []
[2018.07.11-20.34.31:964][889]LogWindows: Error: [Callstack] 0x00000000A5A80394 UE4Editor-Engine.dll!UnknownFunction []
[2018.07.11-20.34.31:964][889]LogWindows: Error: [Callstack] 0x00000000A67570BB UE4Editor-Engine.dll!UnknownFunction []
[2018.07.11-20.34.31:964][889]LogWindows: Error: [Callstack] 0x00000000A675C793 UE4Editor-Engine.dll!UnknownFunction []
[2018.07.11-20.34.31:964][889]LogWindows: Error: [Callstack] 0x00000000C767B713 UE4Editor-Core.dll!UnknownFunction []
[2018.07.11-20.34.31:964][889]LogWindows: Error: [Callstack] 0x00000000C767BA50 UE4Editor-Core.dll!UnknownFunction []
[2018.07.11-20.34.31:964][889]LogWindows: Error: [Callstack] 0x00000000A677D4E5 UE4Editor-Engine.dll!UnknownFunction []
[2018.07.11-20.34.31:964][889]LogWindows: Error: [Callstack] 0x00000000A6783292 UE4Editor-Engine.dll!UnknownFunction []
[2018.07.11-20.34.31:964][889]LogWindows: Error: [Callstack] 0x00000000A5FDC304 UE4Editor-Engine.dll!UnknownFunction []
[2018.07.11-20.34.31:964][889]LogWindows: Error: [Callstack] 0x00000000A5FE7829 UE4Editor-Engine.dll!UnknownFunction []
[2018.07.11-20.34.31:964][889]LogWindows: Error: [Callstack] 0x00000000A418D781 UE4Editor-UnrealEd.dll!UnknownFunction []
[2018.07.11-20.34.31:964][889]LogWindows: Error: [Callstack] 0x00000000A4A29626 UE4Editor-UnrealEd.dll!UnknownFunction []
[2018.07.11-20.34.31:964][889]LogWindows: Error: [Callstack] 0x00000000924F5EAC UE4Editor.exe!UnknownFunction []
[2018.07.11-20.34.31:964][889]LogWindows: Error: [Callstack] 0x0000000092506BD0 UE4Editor.exe!UnknownFunction []
[2018.07.11-20.34.31:964][889]LogWindows: Error: [Callstack] 0x0000000092506C4A UE4Editor.exe!UnknownFunction []
[2018.07.11-20.34.31:964][889]LogWindows: Error: [Callstack] 0x0000000092514177 UE4Editor.exe!UnknownFunction []
[2018.07.11-20.34.31:964][889]LogWindows: Error: [Callstack] 0x0000000092515B87 UE4Editor.exe!UnknownFunction []
[2018.07.11-20.34.31:964][889]LogWindows: Error: [Callstack] 0x00000000FDB83034 KERNEL32.DLL!UnknownFunction []
[2018.07.11-20.34.31:964][889]LogWindows: Error: [Callstack] 0x00000000FEE91431 ntdll.dll!UnknownFunction []
[2018.07.11-20.34.31:964][889]LogWindows: Error: [Callstack] 0x00000000FEE91431 ntdll.dll!UnknownFunction []
[2018.07.11-20.34.31:964][889]LogWindows: Error: 
[2018.07.11-20.34.31:977][889]LogExit: Executing StaticShutdownAfterError
[2018.07.11-20.34.31:979][889]LogWindows: FPlatformMisc::RequestExit(1)
[2018.07.11-20.34.31:979][889]Log file closed, 07/11/18 16:34:31
